{"/Users/ibirajunior/Documents/api-pagamentos-test/knexfile.js": {"path":"/Users/ibirajunior/Documents/api-pagamentos-test/knexfile.js","statementMap":{"0":{"start":{"line":1,"column":0},"end":{"line":17,"column":2}}},"fnMap":{},"branchMap":{},"s":{"0":7},"f":{},"b":{},"_coverageSchema":"1a1c01bbd47fc00a2c39e90264f33305004495a9","hash":"0066c623a79149befe9faff96c9f237e2f6d691c"}
,"/Users/ibirajunior/Documents/api-pagamentos-test/src/app.js": {"path":"/Users/ibirajunior/Documents/api-pagamentos-test/src/app.js","statementMap":{"0":{"start":{"line":1,"column":12},"end":{"line":1,"column":32}},"1":{"start":{"line":2,"column":16},"end":{"line":2,"column":34}},"2":{"start":{"line":3,"column":13},"end":{"line":3,"column":28}},"3":{"start":{"line":4,"column":17},"end":{"line":4,"column":39}},"4":{"start":{"line":6,"column":0},"end":{"line":6,"column":29}},"5":{"start":{"line":9,"column":0},"end":{"line":15,"column":11}},"6":{"start":{"line":18,"column":0},"end":{"line":20,"column":3}},"7":{"start":{"line":19,"column":4},"end":{"line":19,"column":27}},"8":{"start":{"line":22,"column":0},"end":{"line":31,"column":3}},"9":{"start":{"line":23,"column":36},"end":{"line":23,"column":39}},"10":{"start":{"line":24,"column":4},"end":{"line":29,"column":5}},"11":{"start":{"line":24,"column":35},"end":{"line":24,"column":76}},"12":{"start":{"line":25,"column":9},"end":{"line":29,"column":5}},"13":{"start":{"line":25,"column":45},"end":{"line":25,"column":86}},"14":{"start":{"line":27,"column":8},"end":{"line":27,"column":41}},"15":{"start":{"line":28,"column":8},"end":{"line":28,"column":54}},"16":{"start":{"line":30,"column":4},"end":{"line":30,"column":14}},"17":{"start":{"line":32,"column":0},"end":{"line":32,"column":21}}},"fnMap":{"0":{"name":"(anonymous_0)","decl":{"start":{"line":18,"column":13},"end":{"line":18,"column":14}},"loc":{"start":{"line":18,"column":26},"end":{"line":20,"column":1}},"line":18},"1":{"name":"(anonymous_1)","decl":{"start":{"line":22,"column":8},"end":{"line":22,"column":9}},"loc":{"start":{"line":22,"column":32},"end":{"line":31,"column":1}},"line":22}},"branchMap":{"0":{"loc":{"start":{"line":24,"column":4},"end":{"line":29,"column":5}},"type":"if","locations":[{"start":{"line":24,"column":4},"end":{"line":29,"column":5}},{"start":{"line":24,"column":4},"end":{"line":29,"column":5}}],"line":24},"1":{"loc":{"start":{"line":25,"column":9},"end":{"line":29,"column":5}},"type":"if","locations":[{"start":{"line":25,"column":9},"end":{"line":29,"column":5}},{"start":{"line":25,"column":9},"end":{"line":29,"column":5}}],"line":25}},"s":{"0":7,"1":7,"2":7,"3":7,"4":7,"5":7,"6":7,"7":1,"8":7,"9":35,"10":35,"11":30,"12":5,"13":5,"14":0,"15":0,"16":35,"17":7},"f":{"0":1,"1":35},"b":{"0":[30,5],"1":[5,0]},"_coverageSchema":"1a1c01bbd47fc00a2c39e90264f33305004495a9","hash":"155ba08e9f14d76a2a42e55e648f70d88ffa84a2"}
,"/Users/ibirajunior/Documents/api-pagamentos-test/src/config/middlewares.js": {"path":"/Users/ibirajunior/Documents/api-pagamentos-test/src/config/middlewares.js","statementMap":{"0":{"start":{"line":1,"column":19},"end":{"line":1,"column":41}},"1":{"start":{"line":3,"column":0},"end":{"line":5,"column":1}},"2":{"start":{"line":4,"column":4},"end":{"line":4,"column":31}}},"fnMap":{"0":{"name":"(anonymous_0)","decl":{"start":{"line":3,"column":17},"end":{"line":3,"column":18}},"loc":{"start":{"line":3,"column":26},"end":{"line":5,"column":1}},"line":3}},"branchMap":{},"s":{"0":7,"1":7,"2":7},"f":{"0":7},"b":{},"_coverageSchema":"1a1c01bbd47fc00a2c39e90264f33305004495a9","hash":"e9276c3723d6ab58842423cd26addb7b9e6a43c5"}
,"/Users/ibirajunior/Documents/api-pagamentos-test/src/config/passport.js": {"path":"/Users/ibirajunior/Documents/api-pagamentos-test/src/config/passport.js","statementMap":{"0":{"start":{"line":1,"column":17},"end":{"line":1,"column":36}},"1":{"start":{"line":2,"column":20},"end":{"line":2,"column":43}},"2":{"start":{"line":4,"column":15},"end":{"line":4,"column":24}},"3":{"start":{"line":6,"column":32},"end":{"line":6,"column":43}},"4":{"start":{"line":8,"column":0},"end":{"line":29,"column":2}},"5":{"start":{"line":9,"column":19},"end":{"line":13,"column":5}},"6":{"start":{"line":15,"column":21},"end":{"line":22,"column":6}},"7":{"start":{"line":16,"column":8},"end":{"line":21,"column":44}},"8":{"start":{"line":18,"column":12},"end":{"line":19,"column":35}},"9":{"start":{"line":18,"column":21},"end":{"line":18,"column":47}},"10":{"start":{"line":19,"column":17},"end":{"line":19,"column":35}},"11":{"start":{"line":21,"column":25},"end":{"line":21,"column":42}},"12":{"start":{"line":24,"column":4},"end":{"line":24,"column":27}},"13":{"start":{"line":26,"column":4},"end":{"line":28,"column":5}},"14":{"start":{"line":27,"column":28},"end":{"line":27,"column":75}}},"fnMap":{"0":{"name":"(anonymous_0)","decl":{"start":{"line":8,"column":17},"end":{"line":8,"column":18}},"loc":{"start":{"line":8,"column":25},"end":{"line":29,"column":1}},"line":8},"1":{"name":"(anonymous_1)","decl":{"start":{"line":15,"column":42},"end":{"line":15,"column":43}},"loc":{"start":{"line":15,"column":59},"end":{"line":22,"column":5}},"line":15},"2":{"name":"(anonymous_2)","decl":{"start":{"line":17,"column":14},"end":{"line":17,"column":15}},"loc":{"start":{"line":17,"column":23},"end":{"line":21,"column":9}},"line":17},"3":{"name":"(anonymous_3)","decl":{"start":{"line":21,"column":17},"end":{"line":21,"column":18}},"loc":{"start":{"line":21,"column":25},"end":{"line":21,"column":42}},"line":21},"4":{"name":"(anonymous_4)","decl":{"start":{"line":27,"column":22},"end":{"line":27,"column":23}},"loc":{"start":{"line":27,"column":28},"end":{"line":27,"column":75}},"line":27}},"branchMap":{"0":{"loc":{"start":{"line":18,"column":12},"end":{"line":19,"column":35}},"type":"if","locations":[{"start":{"line":18,"column":12},"end":{"line":19,"column":35}},{"start":{"line":18,"column":12},"end":{"line":19,"column":35}}],"line":18}},"s":{"0":7,"1":7,"2":7,"3":7,"4":7,"5":7,"6":7,"7":71,"8":71,"9":71,"10":0,"11":0,"12":7,"13":7,"14":7},"f":{"0":7,"1":71,"2":71,"3":0,"4":7},"b":{"0":[71,0]},"_coverageSchema":"1a1c01bbd47fc00a2c39e90264f33305004495a9","hash":"0985c269260daff80b54dff8669e1dee07806c32"}
,"/Users/ibirajunior/Documents/api-pagamentos-test/src/config/router.js": {"path":"/Users/ibirajunior/Documents/api-pagamentos-test/src/config/router.js","statementMap":{"0":{"start":{"line":1,"column":16},"end":{"line":1,"column":34}},"1":{"start":{"line":3,"column":0},"end":{"line":15,"column":1}},"2":{"start":{"line":4,"column":4},"end":{"line":4,"column":38}},"3":{"start":{"line":5,"column":28},"end":{"line":5,"column":44}},"4":{"start":{"line":8,"column":4},"end":{"line":8,"column":52}},"5":{"start":{"line":9,"column":4},"end":{"line":9,"column":58}},"6":{"start":{"line":10,"column":4},"end":{"line":10,"column":66}},"7":{"start":{"line":11,"column":4},"end":{"line":11,"column":60}},"8":{"start":{"line":12,"column":4},"end":{"line":12,"column":56}},"9":{"start":{"line":14,"column":4},"end":{"line":14,"column":71}}},"fnMap":{"0":{"name":"(anonymous_0)","decl":{"start":{"line":3,"column":17},"end":{"line":3,"column":18}},"loc":{"start":{"line":3,"column":25},"end":{"line":15,"column":1}},"line":3}},"branchMap":{},"s":{"0":7,"1":7,"2":7,"3":7,"4":7,"5":7,"6":7,"7":7,"8":7,"9":7},"f":{"0":7},"b":{},"_coverageSchema":"1a1c01bbd47fc00a2c39e90264f33305004495a9","hash":"2298cff86ea6b3a4da21cd57eed0462b844a2bde"}
,"/Users/ibirajunior/Documents/api-pagamentos-test/src/erros/RecursoIndevidoError.js": {"path":"/Users/ibirajunior/Documents/api-pagamentos-test/src/erros/RecursoIndevidoError.js","statementMap":{"0":{"start":{"line":1,"column":0},"end":{"line":5,"column":2}},"1":{"start":{"line":2,"column":4},"end":{"line":2,"column":39}},"2":{"start":{"line":3,"column":4},"end":{"line":3,"column":27}}},"fnMap":{"0":{"name":"RecursoIndevidoError","decl":{"start":{"line":1,"column":26},"end":{"line":1,"column":46}},"loc":{"start":{"line":1,"column":96},"end":{"line":5,"column":1}},"line":1}},"branchMap":{"0":{"loc":{"start":{"line":1,"column":47},"end":{"line":1,"column":94}},"type":"default-arg","locations":[{"start":{"line":1,"column":56},"end":{"line":1,"column":94}}],"line":1}},"s":{"0":7,"1":5,"2":5},"f":{"0":5},"b":{"0":[5]},"_coverageSchema":"1a1c01bbd47fc00a2c39e90264f33305004495a9","hash":"ead0cf5a8d47cb829b0ecac4af310cbe17100733"}
,"/Users/ibirajunior/Documents/api-pagamentos-test/src/erros/ValidationError.js": {"path":"/Users/ibirajunior/Documents/api-pagamentos-test/src/erros/ValidationError.js","statementMap":{"0":{"start":{"line":1,"column":0},"end":{"line":5,"column":2}},"1":{"start":{"line":2,"column":4},"end":{"line":2,"column":34}},"2":{"start":{"line":3,"column":4},"end":{"line":3,"column":27}}},"fnMap":{"0":{"name":"ValidationError","decl":{"start":{"line":1,"column":26},"end":{"line":1,"column":41}},"loc":{"start":{"line":1,"column":51},"end":{"line":5,"column":1}},"line":1}},"branchMap":{},"s":{"0":7,"1":30,"2":30},"f":{"0":30},"b":{},"_coverageSchema":"1a1c01bbd47fc00a2c39e90264f33305004495a9","hash":"d124dba57469fc104acd25c34019cb8b4904a909"}
,"/Users/ibirajunior/Documents/api-pagamentos-test/src/routes/accounts.js": {"path":"/Users/ibirajunior/Documents/api-pagamentos-test/src/routes/accounts.js","statementMap":{"0":{"start":{"line":1,"column":16},"end":{"line":1,"column":34}},"1":{"start":{"line":3,"column":29},"end":{"line":3,"column":69}},"2":{"start":{"line":4,"column":0},"end":{"line":46,"column":2}},"3":{"start":{"line":5,"column":19},"end":{"line":5,"column":35}},"4":{"start":{"line":7,"column":4},"end":{"line":13,"column":7}},"5":{"start":{"line":8,"column":8},"end":{"line":12,"column":37}},"6":{"start":{"line":10,"column":12},"end":{"line":11,"column":24}},"7":{"start":{"line":10,"column":44},"end":{"line":10,"column":77}},"8":{"start":{"line":11,"column":17},"end":{"line":11,"column":24}},"9":{"start":{"line":12,"column":25},"end":{"line":12,"column":35}},"10":{"start":{"line":15,"column":4},"end":{"line":20,"column":7}},"11":{"start":{"line":16,"column":8},"end":{"line":19,"column":37}},"12":{"start":{"line":18,"column":12},"end":{"line":18,"column":51}},"13":{"start":{"line":19,"column":25},"end":{"line":19,"column":35}},"14":{"start":{"line":22,"column":4},"end":{"line":26,"column":7}},"15":{"start":{"line":23,"column":8},"end":{"line":25,"column":35}},"16":{"start":{"line":24,"column":24},"end":{"line":24,"column":52}},"17":{"start":{"line":25,"column":23},"end":{"line":25,"column":33}},"18":{"start":{"line":28,"column":4},"end":{"line":32,"column":7}},"19":{"start":{"line":29,"column":8},"end":{"line":31,"column":35}},"20":{"start":{"line":30,"column":26},"end":{"line":30,"column":54}},"21":{"start":{"line":31,"column":23},"end":{"line":31,"column":33}},"22":{"start":{"line":34,"column":4},"end":{"line":38,"column":7}},"23":{"start":{"line":35,"column":8},"end":{"line":37,"column":35}},"24":{"start":{"line":36,"column":24},"end":{"line":36,"column":55}},"25":{"start":{"line":37,"column":23},"end":{"line":37,"column":33}},"26":{"start":{"line":40,"column":4},"end":{"line":44,"column":7}},"27":{"start":{"line":41,"column":8},"end":{"line":43,"column":35}},"28":{"start":{"line":42,"column":20},"end":{"line":42,"column":42}},"29":{"start":{"line":43,"column":23},"end":{"line":43,"column":33}},"30":{"start":{"line":45,"column":4},"end":{"line":45,"column":18}}},"fnMap":{"0":{"name":"(anonymous_0)","decl":{"start":{"line":4,"column":17},"end":{"line":4,"column":18}},"loc":{"start":{"line":4,"column":25},"end":{"line":46,"column":1}},"line":4},"1":{"name":"(anonymous_1)","decl":{"start":{"line":7,"column":23},"end":{"line":7,"column":24}},"loc":{"start":{"line":7,"column":41},"end":{"line":13,"column":5}},"line":7},"2":{"name":"(anonymous_2)","decl":{"start":{"line":9,"column":14},"end":{"line":9,"column":15}},"loc":{"start":{"line":9,"column":21},"end":{"line":12,"column":9}},"line":9},"3":{"name":"(anonymous_3)","decl":{"start":{"line":12,"column":17},"end":{"line":12,"column":18}},"loc":{"start":{"line":12,"column":25},"end":{"line":12,"column":35}},"line":12},"4":{"name":"(anonymous_4)","decl":{"start":{"line":15,"column":20},"end":{"line":15,"column":21}},"loc":{"start":{"line":15,"column":39},"end":{"line":20,"column":5}},"line":15},"5":{"name":"(anonymous_5)","decl":{"start":{"line":17,"column":14},"end":{"line":17,"column":15}},"loc":{"start":{"line":17,"column":25},"end":{"line":19,"column":9}},"line":17},"6":{"name":"(anonymous_6)","decl":{"start":{"line":19,"column":17},"end":{"line":19,"column":18}},"loc":{"start":{"line":19,"column":25},"end":{"line":19,"column":35}},"line":19},"7":{"name":"(anonymous_7)","decl":{"start":{"line":22,"column":20},"end":{"line":22,"column":21}},"loc":{"start":{"line":22,"column":38},"end":{"line":26,"column":5}},"line":22},"8":{"name":"(anonymous_8)","decl":{"start":{"line":24,"column":14},"end":{"line":24,"column":15}},"loc":{"start":{"line":24,"column":24},"end":{"line":24,"column":52}},"line":24},"9":{"name":"(anonymous_9)","decl":{"start":{"line":25,"column":15},"end":{"line":25,"column":16}},"loc":{"start":{"line":25,"column":23},"end":{"line":25,"column":33}},"line":25},"10":{"name":"(anonymous_10)","decl":{"start":{"line":28,"column":22},"end":{"line":28,"column":23}},"loc":{"start":{"line":28,"column":41},"end":{"line":32,"column":5}},"line":28},"11":{"name":"(anonymous_11)","decl":{"start":{"line":30,"column":14},"end":{"line":30,"column":15}},"loc":{"start":{"line":30,"column":26},"end":{"line":30,"column":54}},"line":30},"12":{"name":"(anonymous_12)","decl":{"start":{"line":31,"column":15},"end":{"line":31,"column":16}},"loc":{"start":{"line":31,"column":23},"end":{"line":31,"column":33}},"line":31},"13":{"name":"(anonymous_13)","decl":{"start":{"line":34,"column":22},"end":{"line":34,"column":23}},"loc":{"start":{"line":34,"column":41},"end":{"line":38,"column":5}},"line":34},"14":{"name":"(anonymous_14)","decl":{"start":{"line":36,"column":14},"end":{"line":36,"column":15}},"loc":{"start":{"line":36,"column":24},"end":{"line":36,"column":55}},"line":36},"15":{"name":"(anonymous_15)","decl":{"start":{"line":37,"column":15},"end":{"line":37,"column":16}},"loc":{"start":{"line":37,"column":23},"end":{"line":37,"column":33}},"line":37},"16":{"name":"(anonymous_16)","decl":{"start":{"line":40,"column":25},"end":{"line":40,"column":26}},"loc":{"start":{"line":40,"column":44},"end":{"line":44,"column":5}},"line":40},"17":{"name":"(anonymous_17)","decl":{"start":{"line":42,"column":14},"end":{"line":42,"column":15}},"loc":{"start":{"line":42,"column":20},"end":{"line":42,"column":42}},"line":42},"18":{"name":"(anonymous_18)","decl":{"start":{"line":43,"column":15},"end":{"line":43,"column":16}},"loc":{"start":{"line":43,"column":23},"end":{"line":43,"column":33}},"line":43}},"branchMap":{"0":{"loc":{"start":{"line":10,"column":12},"end":{"line":11,"column":24}},"type":"if","locations":[{"start":{"line":10,"column":12},"end":{"line":11,"column":24}},{"start":{"line":10,"column":12},"end":{"line":11,"column":24}}],"line":10}},"s":{"0":7,"1":7,"2":7,"3":7,"4":7,"5":7,"6":7,"7":3,"8":4,"9":3,"10":7,"11":3,"12":1,"13":2,"14":7,"15":1,"16":1,"17":0,"18":7,"19":1,"20":1,"21":0,"22":7,"23":1,"24":1,"25":0,"26":7,"27":2,"28":1,"29":1,"30":7},"f":{"0":7,"1":7,"2":7,"3":3,"4":3,"5":1,"6":2,"7":1,"8":1,"9":0,"10":1,"11":1,"12":0,"13":1,"14":1,"15":0,"16":2,"17":1,"18":1},"b":{"0":[3,4]},"_coverageSchema":"1a1c01bbd47fc00a2c39e90264f33305004495a9","hash":"1f90a02720806d0f70ce3b8ba3440791ee35c4b1"}
,"/Users/ibirajunior/Documents/api-pagamentos-test/src/routes/auth.js": {"path":"/Users/ibirajunior/Documents/api-pagamentos-test/src/routes/auth.js","statementMap":{"0":{"start":{"line":1,"column":12},"end":{"line":1,"column":33}},"1":{"start":{"line":2,"column":15},"end":{"line":2,"column":39}},"2":{"start":{"line":3,"column":24},"end":{"line":3,"column":59}},"3":{"start":{"line":4,"column":15},"end":{"line":4,"column":24}},"4":{"start":{"line":5,"column":16},"end":{"line":5,"column":34}},"5":{"start":{"line":7,"column":0},"end":{"line":36,"column":2}},"6":{"start":{"line":8,"column":19},"end":{"line":8,"column":35}},"7":{"start":{"line":10,"column":2},"end":{"line":24,"column":7}},"8":{"start":{"line":11,"column":8},"end":{"line":23,"column":37}},"9":{"start":{"line":13,"column":12},"end":{"line":13,"column":77}},"10":{"start":{"line":13,"column":22},"end":{"line":13,"column":77}},"11":{"start":{"line":14,"column":12},"end":{"line":22,"column":73}},"12":{"start":{"line":15,"column":32},"end":{"line":19,"column":17}},"13":{"start":{"line":20,"column":30},"end":{"line":20,"column":57}},"14":{"start":{"line":21,"column":16},"end":{"line":21,"column":48}},"15":{"start":{"line":22,"column":18},"end":{"line":22,"column":73}},"16":{"start":{"line":23,"column":25},"end":{"line":23,"column":35}},"17":{"start":{"line":26,"column":4},"end":{"line":33,"column":8}},"18":{"start":{"line":27,"column":8},"end":{"line":32,"column":10}},"19":{"start":{"line":28,"column":27},"end":{"line":28,"column":65}},"20":{"start":{"line":29,"column":12},"end":{"line":29,"column":52}},"21":{"start":{"line":31,"column":13},"end":{"line":31,"column":30}},"22":{"start":{"line":35,"column":4},"end":{"line":35,"column":18}}},"fnMap":{"0":{"name":"(anonymous_0)","decl":{"start":{"line":7,"column":17},"end":{"line":7,"column":18}},"loc":{"start":{"line":7,"column":25},"end":{"line":36,"column":1}},"line":7},"1":{"name":"(anonymous_1)","decl":{"start":{"line":10,"column":25},"end":{"line":10,"column":26}},"loc":{"start":{"line":10,"column":45},"end":{"line":24,"column":5}},"line":10},"2":{"name":"(anonymous_2)","decl":{"start":{"line":12,"column":14},"end":{"line":12,"column":15}},"loc":{"start":{"line":12,"column":24},"end":{"line":23,"column":9}},"line":12},"3":{"name":"(anonymous_3)","decl":{"start":{"line":23,"column":17},"end":{"line":23,"column":18}},"loc":{"start":{"line":23,"column":25},"end":{"line":23,"column":35}},"line":23},"4":{"name":"(anonymous_4)","decl":{"start":{"line":26,"column":28},"end":{"line":26,"column":29}},"loc":{"start":{"line":26,"column":54},"end":{"line":33,"column":6}},"line":26}},"branchMap":{"0":{"loc":{"start":{"line":13,"column":12},"end":{"line":13,"column":77}},"type":"if","locations":[{"start":{"line":13,"column":12},"end":{"line":13,"column":77}},{"start":{"line":13,"column":12},"end":{"line":13,"column":77}}],"line":13},"1":{"loc":{"start":{"line":14,"column":12},"end":{"line":22,"column":73}},"type":"if","locations":[{"start":{"line":14,"column":12},"end":{"line":22,"column":73}},{"start":{"line":14,"column":12},"end":{"line":22,"column":73}}],"line":14}},"s":{"0":7,"1":7,"2":7,"3":7,"4":7,"5":7,"6":7,"7":7,"8":3,"9":3,"10":1,"11":2,"12":1,"13":1,"14":1,"15":1,"16":2,"17":7,"18":1,"19":1,"20":1,"21":0,"22":7},"f":{"0":7,"1":3,"2":3,"3":2,"4":1},"b":{"0":[1,2],"1":[1,1]},"_coverageSchema":"1a1c01bbd47fc00a2c39e90264f33305004495a9","hash":"83c062584a7dfdceccec53f8d14c51f3603c3792"}
,"/Users/ibirajunior/Documents/api-pagamentos-test/src/routes/balance.js": {"path":"/Users/ibirajunior/Documents/api-pagamentos-test/src/routes/balance.js","statementMap":{"0":{"start":{"line":1,"column":16},"end":{"line":1,"column":34}},"1":{"start":{"line":3,"column":0},"end":{"line":14,"column":2}},"2":{"start":{"line":4,"column":19},"end":{"line":4,"column":35}},"3":{"start":{"line":6,"column":4},"end":{"line":11,"column":7}},"4":{"start":{"line":7,"column":9},"end":{"line":9,"column":36}},"5":{"start":{"line":8,"column":25},"end":{"line":8,"column":53}},"6":{"start":{"line":9,"column":24},"end":{"line":9,"column":34}},"7":{"start":{"line":13,"column":4},"end":{"line":13,"column":18}}},"fnMap":{"0":{"name":"(anonymous_0)","decl":{"start":{"line":3,"column":17},"end":{"line":3,"column":18}},"loc":{"start":{"line":3,"column":25},"end":{"line":14,"column":1}},"line":3},"1":{"name":"(anonymous_1)","decl":{"start":{"line":6,"column":20},"end":{"line":6,"column":21}},"loc":{"start":{"line":6,"column":39},"end":{"line":11,"column":5}},"line":6},"2":{"name":"(anonymous_2)","decl":{"start":{"line":8,"column":15},"end":{"line":8,"column":16}},"loc":{"start":{"line":8,"column":25},"end":{"line":8,"column":53}},"line":8},"3":{"name":"(anonymous_3)","decl":{"start":{"line":9,"column":16},"end":{"line":9,"column":17}},"loc":{"start":{"line":9,"column":24},"end":{"line":9,"column":34}},"line":9}},"branchMap":{},"s":{"0":7,"1":7,"2":7,"3":7,"4":10,"5":10,"6":0,"7":7},"f":{"0":7,"1":10,"2":10,"3":0},"b":{},"_coverageSchema":"1a1c01bbd47fc00a2c39e90264f33305004495a9","hash":"4e26f4b004a70049d3d2ae10b03f2a089d428b77"}
,"/Users/ibirajunior/Documents/api-pagamentos-test/src/routes/transactions.js": {"path":"/Users/ibirajunior/Documents/api-pagamentos-test/src/routes/transactions.js","statementMap":{"0":{"start":{"line":1,"column":16},"end":{"line":1,"column":34}},"1":{"start":{"line":2,"column":29},"end":{"line":2,"column":69}},"2":{"start":{"line":4,"column":0},"end":{"line":45,"column":2}},"3":{"start":{"line":5,"column":19},"end":{"line":5,"column":35}},"4":{"start":{"line":7,"column":4},"end":{"line":13,"column":7}},"5":{"start":{"line":8,"column":8},"end":{"line":12,"column":37}},"6":{"start":{"line":10,"column":12},"end":{"line":11,"column":50}},"7":{"start":{"line":10,"column":34},"end":{"line":10,"column":41}},"8":{"start":{"line":11,"column":17},"end":{"line":11,"column":50}},"9":{"start":{"line":12,"column":25},"end":{"line":12,"column":35}},"10":{"start":{"line":15,"column":4},"end":{"line":19,"column":7}},"11":{"start":{"line":16,"column":8},"end":{"line":18,"column":35}},"12":{"start":{"line":17,"column":24},"end":{"line":17,"column":52}},"13":{"start":{"line":18,"column":23},"end":{"line":18,"column":33}},"14":{"start":{"line":21,"column":4},"end":{"line":25,"column":7}},"15":{"start":{"line":22,"column":8},"end":{"line":24,"column":35}},"16":{"start":{"line":23,"column":24},"end":{"line":23,"column":55}},"17":{"start":{"line":24,"column":23},"end":{"line":24,"column":33}},"18":{"start":{"line":27,"column":3},"end":{"line":31,"column":7}},"19":{"start":{"line":28,"column":7},"end":{"line":30,"column":34}},"20":{"start":{"line":29,"column":23},"end":{"line":29,"column":51}},"21":{"start":{"line":30,"column":22},"end":{"line":30,"column":32}},"22":{"start":{"line":33,"column":4},"end":{"line":37,"column":8}},"23":{"start":{"line":34,"column":8},"end":{"line":36,"column":35}},"24":{"start":{"line":35,"column":24},"end":{"line":35,"column":55}},"25":{"start":{"line":36,"column":23},"end":{"line":36,"column":33}},"26":{"start":{"line":39,"column":5},"end":{"line":43,"column":9}},"27":{"start":{"line":40,"column":9},"end":{"line":42,"column":36}},"28":{"start":{"line":41,"column":21},"end":{"line":41,"column":43}},"29":{"start":{"line":42,"column":24},"end":{"line":42,"column":34}},"30":{"start":{"line":44,"column":4},"end":{"line":44,"column":18}}},"fnMap":{"0":{"name":"(anonymous_0)","decl":{"start":{"line":4,"column":17},"end":{"line":4,"column":18}},"loc":{"start":{"line":4,"column":25},"end":{"line":45,"column":1}},"line":4},"1":{"name":"(anonymous_1)","decl":{"start":{"line":7,"column":23},"end":{"line":7,"column":24}},"loc":{"start":{"line":7,"column":41},"end":{"line":13,"column":5}},"line":7},"2":{"name":"(anonymous_2)","decl":{"start":{"line":9,"column":14},"end":{"line":9,"column":15}},"loc":{"start":{"line":9,"column":26},"end":{"line":12,"column":9}},"line":9},"3":{"name":"(anonymous_3)","decl":{"start":{"line":12,"column":17},"end":{"line":12,"column":18}},"loc":{"start":{"line":12,"column":25},"end":{"line":12,"column":35}},"line":12},"4":{"name":"(anonymous_4)","decl":{"start":{"line":15,"column":20},"end":{"line":15,"column":21}},"loc":{"start":{"line":15,"column":38},"end":{"line":19,"column":5}},"line":15},"5":{"name":"(anonymous_5)","decl":{"start":{"line":17,"column":14},"end":{"line":17,"column":15}},"loc":{"start":{"line":17,"column":24},"end":{"line":17,"column":52}},"line":17},"6":{"name":"(anonymous_6)","decl":{"start":{"line":18,"column":15},"end":{"line":18,"column":16}},"loc":{"start":{"line":18,"column":23},"end":{"line":18,"column":33}},"line":18},"7":{"name":"(anonymous_7)","decl":{"start":{"line":21,"column":21},"end":{"line":21,"column":22}},"loc":{"start":{"line":21,"column":40},"end":{"line":25,"column":5}},"line":21},"8":{"name":"(anonymous_8)","decl":{"start":{"line":23,"column":14},"end":{"line":23,"column":15}},"loc":{"start":{"line":23,"column":24},"end":{"line":23,"column":55}},"line":23},"9":{"name":"(anonymous_9)","decl":{"start":{"line":24,"column":15},"end":{"line":24,"column":16}},"loc":{"start":{"line":24,"column":23},"end":{"line":24,"column":33}},"line":24},"10":{"name":"(anonymous_10)","decl":{"start":{"line":27,"column":22},"end":{"line":27,"column":23}},"loc":{"start":{"line":27,"column":41},"end":{"line":31,"column":5}},"line":27},"11":{"name":"(anonymous_11)","decl":{"start":{"line":29,"column":13},"end":{"line":29,"column":14}},"loc":{"start":{"line":29,"column":23},"end":{"line":29,"column":51}},"line":29},"12":{"name":"(anonymous_12)","decl":{"start":{"line":30,"column":14},"end":{"line":30,"column":15}},"loc":{"start":{"line":30,"column":22},"end":{"line":30,"column":32}},"line":30},"13":{"name":"(anonymous_13)","decl":{"start":{"line":33,"column":23},"end":{"line":33,"column":24}},"loc":{"start":{"line":33,"column":42},"end":{"line":37,"column":6}},"line":33},"14":{"name":"(anonymous_14)","decl":{"start":{"line":35,"column":14},"end":{"line":35,"column":15}},"loc":{"start":{"line":35,"column":24},"end":{"line":35,"column":55}},"line":35},"15":{"name":"(anonymous_15)","decl":{"start":{"line":36,"column":15},"end":{"line":36,"column":16}},"loc":{"start":{"line":36,"column":23},"end":{"line":36,"column":33}},"line":36},"16":{"name":"(anonymous_16)","decl":{"start":{"line":39,"column":27},"end":{"line":39,"column":28}},"loc":{"start":{"line":39,"column":46},"end":{"line":43,"column":7}},"line":39},"17":{"name":"(anonymous_17)","decl":{"start":{"line":41,"column":15},"end":{"line":41,"column":16}},"loc":{"start":{"line":41,"column":21},"end":{"line":41,"column":43}},"line":41},"18":{"name":"(anonymous_18)","decl":{"start":{"line":42,"column":16},"end":{"line":42,"column":17}},"loc":{"start":{"line":42,"column":24},"end":{"line":42,"column":34}},"line":42}},"branchMap":{"0":{"loc":{"start":{"line":10,"column":12},"end":{"line":11,"column":50}},"type":"if","locations":[{"start":{"line":10,"column":12},"end":{"line":11,"column":50}},{"start":{"line":10,"column":12},"end":{"line":11,"column":50}}],"line":10}},"s":{"0":7,"1":7,"2":7,"3":7,"4":7,"5":4,"6":4,"7":3,"8":1,"9":1,"10":7,"11":1,"12":1,"13":0,"14":7,"15":16,"16":9,"17":0,"18":7,"19":1,"20":1,"21":0,"22":7,"23":1,"24":1,"25":0,"26":7,"27":1,"28":1,"29":0,"30":7},"f":{"0":7,"1":4,"2":4,"3":1,"4":1,"5":1,"6":0,"7":16,"8":9,"9":0,"10":1,"11":1,"12":0,"13":1,"14":1,"15":0,"16":1,"17":1,"18":0},"b":{"0":[3,1]},"_coverageSchema":"1a1c01bbd47fc00a2c39e90264f33305004495a9","hash":"0ec664997a4c40b635f7a6fb7381837752b9a99b"}
,"/Users/ibirajunior/Documents/api-pagamentos-test/src/routes/transfers.js": {"path":"/Users/ibirajunior/Documents/api-pagamentos-test/src/routes/transfers.js","statementMap":{"0":{"start":{"line":1,"column":16},"end":{"line":1,"column":34}},"1":{"start":{"line":2,"column":29},"end":{"line":2,"column":69}},"2":{"start":{"line":4,"column":0},"end":{"line":54,"column":1}},"3":{"start":{"line":5,"column":19},"end":{"line":5,"column":35}},"4":{"start":{"line":7,"column":4},"end":{"line":13,"column":7}},"5":{"start":{"line":8,"column":8},"end":{"line":12,"column":39}},"6":{"start":{"line":10,"column":12},"end":{"line":10,"column":79}},"7":{"start":{"line":10,"column":46},"end":{"line":10,"column":79}},"8":{"start":{"line":11,"column":12},"end":{"line":11,"column":19}},"9":{"start":{"line":12,"column":27},"end":{"line":12,"column":37}},"10":{"start":{"line":15,"column":21},"end":{"line":19,"column":5}},"11":{"start":{"line":16,"column":8},"end":{"line":18,"column":37}},"12":{"start":{"line":17,"column":20},"end":{"line":17,"column":26}},"13":{"start":{"line":18,"column":25},"end":{"line":18,"column":35}},"14":{"start":{"line":21,"column":4},"end":{"line":25,"column":7}},"15":{"start":{"line":22,"column":8},"end":{"line":24,"column":35}},"16":{"start":{"line":23,"column":24},"end":{"line":23,"column":52}},"17":{"start":{"line":24,"column":23},"end":{"line":24,"column":33}},"18":{"start":{"line":27,"column":4},"end":{"line":31,"column":7}},"19":{"start":{"line":28,"column":8},"end":{"line":30,"column":35}},"20":{"start":{"line":29,"column":24},"end":{"line":29,"column":52}},"21":{"start":{"line":30,"column":23},"end":{"line":30,"column":33}},"22":{"start":{"line":33,"column":4},"end":{"line":39,"column":7}},"23":{"start":{"line":34,"column":25},"end":{"line":34,"column":61}},"24":{"start":{"line":36,"column":8},"end":{"line":38,"column":35}},"25":{"start":{"line":37,"column":24},"end":{"line":37,"column":55}},"26":{"start":{"line":38,"column":23},"end":{"line":38,"column":33}},"27":{"start":{"line":41,"column":4},"end":{"line":45,"column":7}},"28":{"start":{"line":42,"column":8},"end":{"line":44,"column":35}},"29":{"start":{"line":43,"column":24},"end":{"line":43,"column":55}},"30":{"start":{"line":44,"column":23},"end":{"line":44,"column":33}},"31":{"start":{"line":47,"column":4},"end":{"line":51,"column":7}},"32":{"start":{"line":48,"column":8},"end":{"line":50,"column":35}},"33":{"start":{"line":49,"column":20},"end":{"line":49,"column":42}},"34":{"start":{"line":50,"column":23},"end":{"line":50,"column":33}},"35":{"start":{"line":53,"column":4},"end":{"line":53,"column":18}}},"fnMap":{"0":{"name":"(anonymous_0)","decl":{"start":{"line":4,"column":17},"end":{"line":4,"column":18}},"loc":{"start":{"line":4,"column":25},"end":{"line":54,"column":1}},"line":4},"1":{"name":"(anonymous_1)","decl":{"start":{"line":7,"column":23},"end":{"line":7,"column":24}},"loc":{"start":{"line":7,"column":41},"end":{"line":13,"column":5}},"line":7},"2":{"name":"(anonymous_2)","decl":{"start":{"line":9,"column":14},"end":{"line":9,"column":15}},"loc":{"start":{"line":9,"column":25},"end":{"line":12,"column":9}},"line":9},"3":{"name":"(anonymous_3)","decl":{"start":{"line":12,"column":17},"end":{"line":12,"column":18}},"loc":{"start":{"line":12,"column":27},"end":{"line":12,"column":37}},"line":12},"4":{"name":"(anonymous_4)","decl":{"start":{"line":15,"column":21},"end":{"line":15,"column":22}},"loc":{"start":{"line":15,"column":41},"end":{"line":19,"column":5}},"line":15},"5":{"name":"(anonymous_5)","decl":{"start":{"line":17,"column":14},"end":{"line":17,"column":15}},"loc":{"start":{"line":17,"column":20},"end":{"line":17,"column":26}},"line":17},"6":{"name":"(anonymous_6)","decl":{"start":{"line":18,"column":15},"end":{"line":18,"column":16}},"loc":{"start":{"line":18,"column":25},"end":{"line":18,"column":35}},"line":18},"7":{"name":"(anonymous_7)","decl":{"start":{"line":21,"column":20},"end":{"line":21,"column":21}},"loc":{"start":{"line":21,"column":38},"end":{"line":25,"column":5}},"line":21},"8":{"name":"(anonymous_8)","decl":{"start":{"line":23,"column":14},"end":{"line":23,"column":15}},"loc":{"start":{"line":23,"column":24},"end":{"line":23,"column":52}},"line":23},"9":{"name":"(anonymous_9)","decl":{"start":{"line":24,"column":15},"end":{"line":24,"column":16}},"loc":{"start":{"line":24,"column":23},"end":{"line":24,"column":33}},"line":24},"10":{"name":"(anonymous_10)","decl":{"start":{"line":27,"column":23},"end":{"line":27,"column":24}},"loc":{"start":{"line":27,"column":41},"end":{"line":31,"column":5}},"line":27},"11":{"name":"(anonymous_11)","decl":{"start":{"line":29,"column":14},"end":{"line":29,"column":15}},"loc":{"start":{"line":29,"column":24},"end":{"line":29,"column":52}},"line":29},"12":{"name":"(anonymous_12)","decl":{"start":{"line":30,"column":15},"end":{"line":30,"column":16}},"loc":{"start":{"line":30,"column":23},"end":{"line":30,"column":33}},"line":30},"13":{"name":"(anonymous_13)","decl":{"start":{"line":33,"column":31},"end":{"line":33,"column":32}},"loc":{"start":{"line":33,"column":50},"end":{"line":39,"column":5}},"line":33},"14":{"name":"(anonymous_14)","decl":{"start":{"line":37,"column":14},"end":{"line":37,"column":15}},"loc":{"start":{"line":37,"column":24},"end":{"line":37,"column":55}},"line":37},"15":{"name":"(anonymous_15)","decl":{"start":{"line":38,"column":15},"end":{"line":38,"column":16}},"loc":{"start":{"line":38,"column":23},"end":{"line":38,"column":33}},"line":38},"16":{"name":"(anonymous_16)","decl":{"start":{"line":41,"column":33},"end":{"line":41,"column":34}},"loc":{"start":{"line":41,"column":52},"end":{"line":45,"column":5}},"line":41},"17":{"name":"(anonymous_17)","decl":{"start":{"line":43,"column":14},"end":{"line":43,"column":15}},"loc":{"start":{"line":43,"column":24},"end":{"line":43,"column":55}},"line":43},"18":{"name":"(anonymous_18)","decl":{"start":{"line":44,"column":15},"end":{"line":44,"column":16}},"loc":{"start":{"line":44,"column":23},"end":{"line":44,"column":33}},"line":44},"19":{"name":"(anonymous_19)","decl":{"start":{"line":47,"column":26},"end":{"line":47,"column":27}},"loc":{"start":{"line":47,"column":45},"end":{"line":51,"column":5}},"line":47},"20":{"name":"(anonymous_20)","decl":{"start":{"line":49,"column":14},"end":{"line":49,"column":15}},"loc":{"start":{"line":49,"column":20},"end":{"line":49,"column":42}},"line":49},"21":{"name":"(anonymous_21)","decl":{"start":{"line":50,"column":15},"end":{"line":50,"column":16}},"loc":{"start":{"line":50,"column":23},"end":{"line":50,"column":33}},"line":50}},"branchMap":{"0":{"loc":{"start":{"line":10,"column":12},"end":{"line":10,"column":79}},"type":"if","locations":[{"start":{"line":10,"column":12},"end":{"line":10,"column":79}},{"start":{"line":10,"column":12},"end":{"line":10,"column":79}}],"line":10}},"s":{"0":7,"1":7,"2":7,"3":7,"4":7,"5":11,"6":11,"7":1,"8":10,"9":1,"10":7,"11":18,"12":4,"13":14,"14":7,"15":1,"16":1,"17":0,"18":7,"19":1,"20":1,"21":0,"22":7,"23":3,"24":3,"25":3,"26":0,"27":7,"28":1,"29":1,"30":0,"31":7,"32":1,"33":1,"34":0,"35":7},"f":{"0":7,"1":11,"2":11,"3":1,"4":18,"5":4,"6":14,"7":1,"8":1,"9":0,"10":1,"11":1,"12":0,"13":3,"14":3,"15":0,"16":1,"17":1,"18":0,"19":1,"20":1,"21":0},"b":{"0":[1,10]},"_coverageSchema":"1a1c01bbd47fc00a2c39e90264f33305004495a9","hash":"7e92a5a55cd0f7b33953bbf0a4bddc30d6a69501"}
,"/Users/ibirajunior/Documents/api-pagamentos-test/src/routes/users.js": {"path":"/Users/ibirajunior/Documents/api-pagamentos-test/src/routes/users.js","statementMap":{"0":{"start":{"line":1,"column":16},"end":{"line":1,"column":34}},"1":{"start":{"line":3,"column":0},"end":{"line":23,"column":1}},"2":{"start":{"line":4,"column":19},"end":{"line":4,"column":35}},"3":{"start":{"line":7,"column":4},"end":{"line":11,"column":7}},"4":{"start":{"line":8,"column":8},"end":{"line":10,"column":35}},"5":{"start":{"line":9,"column":24},"end":{"line":9,"column":52}},"6":{"start":{"line":10,"column":23},"end":{"line":10,"column":33}},"7":{"start":{"line":13,"column":4},"end":{"line":20,"column":7}},"8":{"start":{"line":14,"column":7},"end":{"line":19,"column":9}},"9":{"start":{"line":15,"column":26},"end":{"line":15,"column":64}},"10":{"start":{"line":16,"column":11},"end":{"line":16,"column":51}},"11":{"start":{"line":18,"column":12},"end":{"line":18,"column":29}},"12":{"start":{"line":22,"column":4},"end":{"line":22,"column":18}}},"fnMap":{"0":{"name":"(anonymous_0)","decl":{"start":{"line":3,"column":16},"end":{"line":3,"column":17}},"loc":{"start":{"line":3,"column":24},"end":{"line":23,"column":1}},"line":3},"1":{"name":"(anonymous_1)","decl":{"start":{"line":7,"column":20},"end":{"line":7,"column":21}},"loc":{"start":{"line":7,"column":39},"end":{"line":11,"column":5}},"line":7},"2":{"name":"(anonymous_2)","decl":{"start":{"line":9,"column":14},"end":{"line":9,"column":15}},"loc":{"start":{"line":9,"column":24},"end":{"line":9,"column":52}},"line":9},"3":{"name":"(anonymous_3)","decl":{"start":{"line":10,"column":15},"end":{"line":10,"column":16}},"loc":{"start":{"line":10,"column":23},"end":{"line":10,"column":33}},"line":10},"4":{"name":"(anonymous_4)","decl":{"start":{"line":13,"column":22},"end":{"line":13,"column":23}},"loc":{"start":{"line":13,"column":48},"end":{"line":20,"column":5}},"line":13}},"branchMap":{},"s":{"0":7,"1":7,"2":7,"3":7,"4":1,"5":1,"6":0,"7":7,"8":6,"9":6,"10":2,"11":4,"12":7},"f":{"0":7,"1":1,"2":1,"3":0,"4":6},"b":{},"_coverageSchema":"1a1c01bbd47fc00a2c39e90264f33305004495a9","hash":"abc7f24e07ebf145b1fdaba9e06b37ff893284b6"}
,"/Users/ibirajunior/Documents/api-pagamentos-test/src/seeds/01_transfer.js": {"path":"/Users/ibirajunior/Documents/api-pagamentos-test/src/seeds/01_transfer.js","statementMap":{"0":{"start":{"line":1,"column":0},"end":{"line":26,"column":2}},"1":{"start":{"line":2,"column":2},"end":{"line":25,"column":8}},"2":{"start":{"line":3,"column":16},"end":{"line":3,"column":39}},"3":{"start":{"line":4,"column":16},"end":{"line":4,"column":38}},"4":{"start":{"line":5,"column":16},"end":{"line":5,"column":35}},"5":{"start":{"line":6,"column":16},"end":{"line":9,"column":6}},"6":{"start":{"line":10,"column":16},"end":{"line":15,"column":6}},"7":{"start":{"line":16,"column":16},"end":{"line":19,"column":6}},"8":{"start":{"line":20,"column":16},"end":{"line":25,"column":6}}},"fnMap":{"0":{"name":"(anonymous_0)","decl":{"start":{"line":1,"column":15},"end":{"line":1,"column":16}},"loc":{"start":{"line":1,"column":25},"end":{"line":26,"column":1}},"line":1},"1":{"name":"(anonymous_1)","decl":{"start":{"line":3,"column":10},"end":{"line":3,"column":11}},"loc":{"start":{"line":3,"column":16},"end":{"line":3,"column":39}},"line":3},"2":{"name":"(anonymous_2)","decl":{"start":{"line":4,"column":10},"end":{"line":4,"column":11}},"loc":{"start":{"line":4,"column":16},"end":{"line":4,"column":38}},"line":4},"3":{"name":"(anonymous_3)","decl":{"start":{"line":5,"column":10},"end":{"line":5,"column":11}},"loc":{"start":{"line":5,"column":16},"end":{"line":5,"column":35}},"line":5},"4":{"name":"(anonymous_4)","decl":{"start":{"line":6,"column":10},"end":{"line":6,"column":11}},"loc":{"start":{"line":6,"column":16},"end":{"line":9,"column":6}},"line":6},"5":{"name":"(anonymous_5)","decl":{"start":{"line":10,"column":10},"end":{"line":10,"column":11}},"loc":{"start":{"line":10,"column":16},"end":{"line":15,"column":6}},"line":10},"6":{"name":"(anonymous_6)","decl":{"start":{"line":16,"column":10},"end":{"line":16,"column":11}},"loc":{"start":{"line":16,"column":16},"end":{"line":19,"column":6}},"line":16},"7":{"name":"(anonymous_7)","decl":{"start":{"line":20,"column":10},"end":{"line":20,"column":11}},"loc":{"start":{"line":20,"column":16},"end":{"line":25,"column":6}},"line":20}},"branchMap":{},"s":{"0":2,"1":2,"2":2,"3":2,"4":2,"5":2,"6":2,"7":2,"8":2},"f":{"0":2,"1":2,"2":2,"3":2,"4":2,"5":2,"6":2,"7":2},"b":{},"_coverageSchema":"1a1c01bbd47fc00a2c39e90264f33305004495a9","hash":"fe959e1e3cfec4ad8fb57b0f58643601e944bca2"}
,"/Users/ibirajunior/Documents/api-pagamentos-test/src/seeds/02_balance.js": {"path":"/Users/ibirajunior/Documents/api-pagamentos-test/src/seeds/02_balance.js","statementMap":{"0":{"start":{"line":1,"column":15},"end":{"line":1,"column":32}},"1":{"start":{"line":3,"column":0},"end":{"line":43,"column":2}},"2":{"start":{"line":4,"column":2},"end":{"line":42,"column":8}},"3":{"start":{"line":9,"column":16},"end":{"line":16,"column":6}},"4":{"start":{"line":17,"column":16},"end":{"line":20,"column":6}},"5":{"start":{"line":21,"column":16},"end":{"line":42,"column":6}}},"fnMap":{"0":{"name":"(anonymous_0)","decl":{"start":{"line":3,"column":15},"end":{"line":3,"column":16}},"loc":{"start":{"line":3,"column":25},"end":{"line":43,"column":1}},"line":3},"1":{"name":"(anonymous_1)","decl":{"start":{"line":9,"column":10},"end":{"line":9,"column":11}},"loc":{"start":{"line":9,"column":16},"end":{"line":16,"column":6}},"line":9},"2":{"name":"(anonymous_2)","decl":{"start":{"line":17,"column":10},"end":{"line":17,"column":11}},"loc":{"start":{"line":17,"column":16},"end":{"line":20,"column":6}},"line":17},"3":{"name":"(anonymous_3)","decl":{"start":{"line":21,"column":10},"end":{"line":21,"column":11}},"loc":{"start":{"line":21,"column":16},"end":{"line":42,"column":6}},"line":21}},"branchMap":{},"s":{"0":2,"1":2,"2":2,"3":2,"4":2,"5":2},"f":{"0":2,"1":2,"2":2,"3":2},"b":{},"_coverageSchema":"1a1c01bbd47fc00a2c39e90264f33305004495a9","hash":"6fc22022e3bc392ae62385b3cb744e567b6dd881"}
,"/Users/ibirajunior/Documents/api-pagamentos-test/src/services/account.js": {"path":"/Users/ibirajunior/Documents/api-pagamentos-test/src/services/account.js","statementMap":{"0":{"start":{"line":1,"column":24},"end":{"line":1,"column":59}},"1":{"start":{"line":3,"column":0},"end":{"line":33,"column":2}},"2":{"start":{"line":4,"column":17},"end":{"line":13,"column":5}},"3":{"start":{"line":6,"column":8},"end":{"line":6,"column":86}},"4":{"start":{"line":6,"column":26},"end":{"line":6,"column":86}},"5":{"start":{"line":8,"column":22},"end":{"line":8,"column":80}},"6":{"start":{"line":10,"column":8},"end":{"line":10,"column":81}},"7":{"start":{"line":10,"column":18},"end":{"line":10,"column":81}},"8":{"start":{"line":12,"column":8},"end":{"line":12,"column":55}},"9":{"start":{"line":14,"column":20},"end":{"line":16,"column":5}},"10":{"start":{"line":15,"column":8},"end":{"line":15,"column":59}},"11":{"start":{"line":17,"column":17},"end":{"line":19,"column":5}},"12":{"start":{"line":18,"column":8},"end":{"line":18,"column":56}},"13":{"start":{"line":21,"column":19},"end":{"line":24,"column":5}},"14":{"start":{"line":22,"column":8},"end":{"line":23,"column":30}},"15":{"start":{"line":25,"column":19},"end":{"line":31,"column":5}},"16":{"start":{"line":26,"column":28},"end":{"line":26,"column":80}},"17":{"start":{"line":27,"column":8},"end":{"line":27,"column":93}},"18":{"start":{"line":27,"column":24},"end":{"line":27,"column":93}},"19":{"start":{"line":28,"column":8},"end":{"line":30,"column":15}},"20":{"start":{"line":32,"column":4},"end":{"line":32,"column":51}}},"fnMap":{"0":{"name":"(anonymous_0)","decl":{"start":{"line":3,"column":17},"end":{"line":3,"column":18}},"loc":{"start":{"line":3,"column":25},"end":{"line":33,"column":1}},"line":3},"1":{"name":"(anonymous_1)","decl":{"start":{"line":4,"column":17},"end":{"line":4,"column":18}},"loc":{"start":{"line":4,"column":34},"end":{"line":13,"column":5}},"line":4},"2":{"name":"(anonymous_2)","decl":{"start":{"line":14,"column":20},"end":{"line":14,"column":21}},"loc":{"start":{"line":14,"column":31},"end":{"line":16,"column":5}},"line":14},"3":{"name":"(anonymous_3)","decl":{"start":{"line":17,"column":17},"end":{"line":17,"column":18}},"loc":{"start":{"line":17,"column":33},"end":{"line":19,"column":5}},"line":17},"4":{"name":"(anonymous_4)","decl":{"start":{"line":21,"column":19},"end":{"line":21,"column":20}},"loc":{"start":{"line":21,"column":35},"end":{"line":24,"column":5}},"line":21},"5":{"name":"(anonymous_5)","decl":{"start":{"line":25,"column":19},"end":{"line":25,"column":20}},"loc":{"start":{"line":25,"column":31},"end":{"line":31,"column":5}},"line":25}},"branchMap":{"0":{"loc":{"start":{"line":6,"column":8},"end":{"line":6,"column":86}},"type":"if","locations":[{"start":{"line":6,"column":8},"end":{"line":6,"column":86}},{"start":{"line":6,"column":8},"end":{"line":6,"column":86}}],"line":6},"1":{"loc":{"start":{"line":10,"column":8},"end":{"line":10,"column":81}},"type":"if","locations":[{"start":{"line":10,"column":8},"end":{"line":10,"column":81}},{"start":{"line":10,"column":8},"end":{"line":10,"column":81}}],"line":10},"2":{"loc":{"start":{"line":17,"column":18},"end":{"line":17,"column":29}},"type":"default-arg","locations":[{"start":{"line":17,"column":27},"end":{"line":17,"column":29}}],"line":17},"3":{"loc":{"start":{"line":27,"column":8},"end":{"line":27,"column":93}},"type":"if","locations":[{"start":{"line":27,"column":8},"end":{"line":27,"column":93}},{"start":{"line":27,"column":8},"end":{"line":27,"column":93}}],"line":27}},"s":{"0":7,"1":7,"2":7,"3":3,"4":1,"5":2,"6":2,"7":1,"8":1,"9":7,"10":1,"11":7,"12":10,"13":7,"14":1,"15":7,"16":2,"17":2,"18":1,"19":1,"20":7},"f":{"0":7,"1":3,"2":1,"3":10,"4":1,"5":2},"b":{"0":[1,2],"1":[1,1],"2":[0],"3":[1,1]},"_coverageSchema":"1a1c01bbd47fc00a2c39e90264f33305004495a9","hash":"db3d6eff0e1d90e258a335e70dd2594ac40408b1"}
,"/Users/ibirajunior/Documents/api-pagamentos-test/src/services/balance.js": {"path":"/Users/ibirajunior/Documents/api-pagamentos-test/src/services/balance.js","statementMap":{"0":{"start":{"line":1,"column":0},"end":{"line":16,"column":2}},"1":{"start":{"line":3,"column":21},"end":{"line":13,"column":5}},"2":{"start":{"line":4,"column":8},"end":{"line":10,"column":27}},"3":{"start":{"line":15,"column":4},"end":{"line":15,"column":24}}},"fnMap":{"0":{"name":"(anonymous_0)","decl":{"start":{"line":1,"column":17},"end":{"line":1,"column":18}},"loc":{"start":{"line":1,"column":25},"end":{"line":16,"column":1}},"line":1},"1":{"name":"(anonymous_1)","decl":{"start":{"line":3,"column":21},"end":{"line":3,"column":22}},"loc":{"start":{"line":3,"column":32},"end":{"line":13,"column":5}},"line":3}},"branchMap":{},"s":{"0":7,"1":7,"2":10,"3":7},"f":{"0":7,"1":10},"b":{},"_coverageSchema":"1a1c01bbd47fc00a2c39e90264f33305004495a9","hash":"2c0ce4703aa65e5b154fbe043a14d44de4bbbf95"}
,"/Users/ibirajunior/Documents/api-pagamentos-test/src/services/transaction.js": {"path":"/Users/ibirajunior/Documents/api-pagamentos-test/src/services/transaction.js","statementMap":{"0":{"start":{"line":1,"column":23},"end":{"line":1,"column":58}},"1":{"start":{"line":3,"column":0},"end":{"line":44,"column":2}},"2":{"start":{"line":4,"column":17},"end":{"line":10,"column":5}},"3":{"start":{"line":5,"column":8},"end":{"line":9,"column":18}},"4":{"start":{"line":11,"column":20},"end":{"line":15,"column":5}},"5":{"start":{"line":12,"column":8},"end":{"line":14,"column":17}},"6":{"start":{"line":16,"column":17},"end":{"line":30,"column":5}},"7":{"start":{"line":17,"column":8},"end":{"line":17,"column":101}},"8":{"start":{"line":17,"column":37},"end":{"line":17,"column":101}},"9":{"start":{"line":18,"column":8},"end":{"line":18,"column":93}},"10":{"start":{"line":18,"column":33},"end":{"line":18,"column":93}},"11":{"start":{"line":19,"column":8},"end":{"line":19,"column":89}},"12":{"start":{"line":19,"column":30},"end":{"line":19,"column":89}},"13":{"start":{"line":20,"column":8},"end":{"line":20,"column":92}},"14":{"start":{"line":20,"column":32},"end":{"line":20,"column":92}},"15":{"start":{"line":21,"column":8},"end":{"line":21,"column":89}},"16":{"start":{"line":21,"column":30},"end":{"line":21,"column":89}},"17":{"start":{"line":22,"column":8},"end":{"line":22,"column":111}},"18":{"start":{"line":22,"column":69},"end":{"line":22,"column":111}},"19":{"start":{"line":23,"column":31},"end":{"line":23,"column":47}},"20":{"start":{"line":24,"column":8},"end":{"line":27,"column":10}},"21":{"start":{"line":26,"column":12},"end":{"line":26,"column":41}},"22":{"start":{"line":28,"column":8},"end":{"line":29,"column":37}},"23":{"start":{"line":32,"column":19},"end":{"line":36,"column":5}},"24":{"start":{"line":33,"column":8},"end":{"line":35,"column":33}},"25":{"start":{"line":38,"column":19},"end":{"line":42,"column":5}},"26":{"start":{"line":39,"column":8},"end":{"line":41,"column":15}},"27":{"start":{"line":43,"column":4},"end":{"line":43,"column":51}}},"fnMap":{"0":{"name":"(anonymous_0)","decl":{"start":{"line":3,"column":17},"end":{"line":3,"column":18}},"loc":{"start":{"line":3,"column":25},"end":{"line":44,"column":1}},"line":3},"1":{"name":"(anonymous_1)","decl":{"start":{"line":4,"column":17},"end":{"line":4,"column":18}},"loc":{"start":{"line":4,"column":40},"end":{"line":10,"column":5}},"line":4},"2":{"name":"(anonymous_2)","decl":{"start":{"line":11,"column":20},"end":{"line":11,"column":21}},"loc":{"start":{"line":11,"column":31},"end":{"line":15,"column":5}},"line":11},"3":{"name":"(anonymous_3)","decl":{"start":{"line":16,"column":17},"end":{"line":16,"column":18}},"loc":{"start":{"line":16,"column":33},"end":{"line":30,"column":5}},"line":16},"4":{"name":"(anonymous_4)","decl":{"start":{"line":32,"column":19},"end":{"line":32,"column":20}},"loc":{"start":{"line":32,"column":39},"end":{"line":36,"column":5}},"line":32},"5":{"name":"(anonymous_5)","decl":{"start":{"line":38,"column":19},"end":{"line":38,"column":20}},"loc":{"start":{"line":38,"column":26},"end":{"line":42,"column":5}},"line":38}},"branchMap":{"0":{"loc":{"start":{"line":4,"column":26},"end":{"line":4,"column":36}},"type":"default-arg","locations":[{"start":{"line":4,"column":34},"end":{"line":4,"column":36}}],"line":4},"1":{"loc":{"start":{"line":17,"column":8},"end":{"line":17,"column":101}},"type":"if","locations":[{"start":{"line":17,"column":8},"end":{"line":17,"column":101}},{"start":{"line":17,"column":8},"end":{"line":17,"column":101}}],"line":17},"2":{"loc":{"start":{"line":18,"column":8},"end":{"line":18,"column":93}},"type":"if","locations":[{"start":{"line":18,"column":8},"end":{"line":18,"column":93}},{"start":{"line":18,"column":8},"end":{"line":18,"column":93}}],"line":18},"3":{"loc":{"start":{"line":19,"column":8},"end":{"line":19,"column":89}},"type":"if","locations":[{"start":{"line":19,"column":8},"end":{"line":19,"column":89}},{"start":{"line":19,"column":8},"end":{"line":19,"column":89}}],"line":19},"4":{"loc":{"start":{"line":20,"column":8},"end":{"line":20,"column":92}},"type":"if","locations":[{"start":{"line":20,"column":8},"end":{"line":20,"column":92}},{"start":{"line":20,"column":8},"end":{"line":20,"column":92}}],"line":20},"5":{"loc":{"start":{"line":21,"column":8},"end":{"line":21,"column":89}},"type":"if","locations":[{"start":{"line":21,"column":8},"end":{"line":21,"column":89}},{"start":{"line":21,"column":8},"end":{"line":21,"column":89}}],"line":21},"6":{"loc":{"start":{"line":22,"column":8},"end":{"line":22,"column":111}},"type":"if","locations":[{"start":{"line":22,"column":8},"end":{"line":22,"column":111}},{"start":{"line":22,"column":8},"end":{"line":22,"column":111}}],"line":22},"7":{"loc":{"start":{"line":22,"column":13},"end":{"line":22,"column":65}},"type":"binary-expr","locations":[{"start":{"line":22,"column":13},"end":{"line":22,"column":37}},{"start":{"line":22,"column":41},"end":{"line":22,"column":65}}],"line":22},"8":{"loc":{"start":{"line":24,"column":8},"end":{"line":27,"column":10}},"type":"if","locations":[{"start":{"line":24,"column":8},"end":{"line":27,"column":10}},{"start":{"line":24,"column":8},"end":{"line":27,"column":10}}],"line":24},"9":{"loc":{"start":{"line":24,"column":11},"end":{"line":25,"column":65}},"type":"binary-expr","locations":[{"start":{"line":24,"column":12},"end":{"line":24,"column":36}},{"start":{"line":24,"column":40},"end":{"line":24,"column":63}},{"start":{"line":25,"column":13},"end":{"line":25,"column":37}},{"start":{"line":25,"column":41},"end":{"line":25,"column":64}}],"line":24}},"s":{"0":7,"1":7,"2":7,"3":5,"4":7,"5":3,"6":7,"7":16,"8":1,"9":15,"10":2,"11":13,"12":1,"13":12,"14":1,"15":11,"16":1,"17":10,"18":1,"19":9,"20":9,"21":5,"22":9,"23":7,"24":1,"25":7,"26":1,"27":7},"f":{"0":7,"1":5,"2":3,"3":16,"4":1,"5":1},"b":{"0":[1],"1":[1,15],"2":[2,13],"3":[1,12],"4":[1,11],"5":[1,10],"6":[1,9],"7":[10,5],"8":[5,4],"9":[9,5,8,4]},"_coverageSchema":"1a1c01bbd47fc00a2c39e90264f33305004495a9","hash":"de067347f0f06c5069fcf1e8b9ca5c22556bdc3c"}
,"/Users/ibirajunior/Documents/api-pagamentos-test/src/services/transfer.js": {"path":"/Users/ibirajunior/Documents/api-pagamentos-test/src/services/transfer.js","statementMap":{"0":{"start":{"line":1,"column":23},"end":{"line":1,"column":58}},"1":{"start":{"line":2,"column":0},"end":{"line":64,"column":2}},"2":{"start":{"line":4,"column":17},"end":{"line":8,"column":5}},"3":{"start":{"line":5,"column":8},"end":{"line":7,"column":18}},"4":{"start":{"line":9,"column":20},"end":{"line":13,"column":5}},"5":{"start":{"line":10,"column":8},"end":{"line":12,"column":17}},"6":{"start":{"line":15,"column":21},"end":{"line":28,"column":5}},"7":{"start":{"line":16,"column":8},"end":{"line":16,"column":93}},"8":{"start":{"line":16,"column":34},"end":{"line":16,"column":93}},"9":{"start":{"line":17,"column":8},"end":{"line":17,"column":85}},"10":{"start":{"line":17,"column":30},"end":{"line":17,"column":85}},"11":{"start":{"line":18,"column":8},"end":{"line":18,"column":81}},"12":{"start":{"line":18,"column":27},"end":{"line":18,"column":81}},"13":{"start":{"line":19,"column":8},"end":{"line":19,"column":98}},"14":{"start":{"line":19,"column":33},"end":{"line":19,"column":98}},"15":{"start":{"line":20,"column":8},"end":{"line":20,"column":100}},"16":{"start":{"line":20,"column":34},"end":{"line":20,"column":100}},"17":{"start":{"line":21,"column":8},"end":{"line":21,"column":129}},"18":{"start":{"line":21,"column":56},"end":{"line":21,"column":129}},"19":{"start":{"line":23,"column":25},"end":{"line":23,"column":108}},"20":{"start":{"line":24,"column":8},"end":{"line":27,"column":11}},"21":{"start":{"line":26,"column":12},"end":{"line":26,"column":128}},"22":{"start":{"line":26,"column":63},"end":{"line":26,"column":128}},"23":{"start":{"line":30,"column":17},"end":{"line":40,"column":5}},"24":{"start":{"line":32,"column":23},"end":{"line":32,"column":70}},"25":{"start":{"line":33,"column":27},"end":{"line":33,"column":39}},"26":{"start":{"line":34,"column":29},"end":{"line":37,"column":9}},"27":{"start":{"line":38,"column":8},"end":{"line":38,"column":58}},"28":{"start":{"line":39,"column":8},"end":{"line":39,"column":22}},"29":{"start":{"line":42,"column":19},"end":{"line":55,"column":5}},"30":{"start":{"line":44,"column":23},"end":{"line":46,"column":30}},"31":{"start":{"line":48,"column":29},"end":{"line":51,"column":9}},"32":{"start":{"line":52,"column":8},"end":{"line":52,"column":68}},"33":{"start":{"line":53,"column":8},"end":{"line":53,"column":58}},"34":{"start":{"line":54,"column":8},"end":{"line":54,"column":22}},"35":{"start":{"line":57,"column":19},"end":{"line":61,"column":5}},"36":{"start":{"line":58,"column":8},"end":{"line":58,"column":68}},"37":{"start":{"line":59,"column":8},"end":{"line":59,"column":53}},"38":{"start":{"line":63,"column":4},"end":{"line":63,"column":60}}},"fnMap":{"0":{"name":"(anonymous_0)","decl":{"start":{"line":2,"column":17},"end":{"line":2,"column":18}},"loc":{"start":{"line":2,"column":25},"end":{"line":64,"column":1}},"line":2},"1":{"name":"(anonymous_1)","decl":{"start":{"line":4,"column":17},"end":{"line":4,"column":18}},"loc":{"start":{"line":4,"column":34},"end":{"line":8,"column":5}},"line":4},"2":{"name":"(anonymous_2)","decl":{"start":{"line":9,"column":20},"end":{"line":9,"column":21}},"loc":{"start":{"line":9,"column":37},"end":{"line":13,"column":5}},"line":9},"3":{"name":"(anonymous_3)","decl":{"start":{"line":15,"column":21},"end":{"line":15,"column":22}},"loc":{"start":{"line":15,"column":41},"end":{"line":28,"column":5}},"line":15},"4":{"name":"(anonymous_4)","decl":{"start":{"line":24,"column":25},"end":{"line":24,"column":26}},"loc":{"start":{"line":25,"column":8},"end":{"line":27,"column":9}},"line":25},"5":{"name":"(anonymous_5)","decl":{"start":{"line":30,"column":17},"end":{"line":30,"column":18}},"loc":{"start":{"line":30,"column":36},"end":{"line":40,"column":5}},"line":30},"6":{"name":"(anonymous_6)","decl":{"start":{"line":42,"column":19},"end":{"line":42,"column":20}},"loc":{"start":{"line":42,"column":42},"end":{"line":55,"column":5}},"line":42},"7":{"name":"(anonymous_7)","decl":{"start":{"line":57,"column":19},"end":{"line":57,"column":20}},"loc":{"start":{"line":57,"column":32},"end":{"line":61,"column":5}},"line":57}},"branchMap":{"0":{"loc":{"start":{"line":4,"column":18},"end":{"line":4,"column":29}},"type":"default-arg","locations":[{"start":{"line":4,"column":27},"end":{"line":4,"column":29}}],"line":4},"1":{"loc":{"start":{"line":9,"column":21},"end":{"line":9,"column":32}},"type":"default-arg","locations":[{"start":{"line":9,"column":30},"end":{"line":9,"column":32}}],"line":9},"2":{"loc":{"start":{"line":16,"column":8},"end":{"line":16,"column":93}},"type":"if","locations":[{"start":{"line":16,"column":8},"end":{"line":16,"column":93}},{"start":{"line":16,"column":8},"end":{"line":16,"column":93}}],"line":16},"3":{"loc":{"start":{"line":17,"column":8},"end":{"line":17,"column":85}},"type":"if","locations":[{"start":{"line":17,"column":8},"end":{"line":17,"column":85}},{"start":{"line":17,"column":8},"end":{"line":17,"column":85}}],"line":17},"4":{"loc":{"start":{"line":18,"column":8},"end":{"line":18,"column":81}},"type":"if","locations":[{"start":{"line":18,"column":8},"end":{"line":18,"column":81}},{"start":{"line":18,"column":8},"end":{"line":18,"column":81}}],"line":18},"5":{"loc":{"start":{"line":19,"column":8},"end":{"line":19,"column":98}},"type":"if","locations":[{"start":{"line":19,"column":8},"end":{"line":19,"column":98}},{"start":{"line":19,"column":8},"end":{"line":19,"column":98}}],"line":19},"6":{"loc":{"start":{"line":20,"column":8},"end":{"line":20,"column":100}},"type":"if","locations":[{"start":{"line":20,"column":8},"end":{"line":20,"column":100}},{"start":{"line":20,"column":8},"end":{"line":20,"column":100}}],"line":20},"7":{"loc":{"start":{"line":21,"column":8},"end":{"line":21,"column":129}},"type":"if","locations":[{"start":{"line":21,"column":8},"end":{"line":21,"column":129}},{"start":{"line":21,"column":8},"end":{"line":21,"column":129}}],"line":21},"8":{"loc":{"start":{"line":26,"column":12},"end":{"line":26,"column":128}},"type":"if","locations":[{"start":{"line":26,"column":12},"end":{"line":26,"column":128}},{"start":{"line":26,"column":12},"end":{"line":26,"column":128}}],"line":26}},"s":{"0":7,"1":7,"2":7,"3":1,"4":7,"5":12,"6":7,"7":18,"8":2,"9":16,"10":2,"11":14,"12":2,"13":12,"14":2,"15":10,"16":2,"17":8,"18":2,"19":6,"20":6,"21":12,"22":2,"23":7,"24":3,"25":3,"26":3,"27":3,"28":3,"29":7,"30":1,"31":1,"32":1,"33":1,"34":1,"35":7,"36":1,"37":1,"38":7},"f":{"0":7,"1":1,"2":12,"3":18,"4":12,"5":3,"6":1,"7":1},"b":{"0":[0],"1":[0],"2":[2,16],"3":[2,14],"4":[2,12],"5":[2,10],"6":[2,8],"7":[2,6],"8":[2,10]},"_coverageSchema":"1a1c01bbd47fc00a2c39e90264f33305004495a9","hash":"e093d6c9a503bb3406813a03ce4657afe746faf4"}
,"/Users/ibirajunior/Documents/api-pagamentos-test/src/services/user.js": {"path":"/Users/ibirajunior/Documents/api-pagamentos-test/src/services/user.js","statementMap":{"0":{"start":{"line":1,"column":15},"end":{"line":1,"column":39}},"1":{"start":{"line":2,"column":24},"end":{"line":2,"column":59}},"2":{"start":{"line":6,"column":0},"end":{"line":32,"column":2}},"3":{"start":{"line":7,"column":20},"end":{"line":9,"column":5}},"4":{"start":{"line":8,"column":8},"end":{"line":8,"column":62}},"5":{"start":{"line":10,"column":20},"end":{"line":12,"column":5}},"6":{"start":{"line":11,"column":8},"end":{"line":11,"column":53}},"7":{"start":{"line":14,"column":28},"end":{"line":17,"column":5}},"8":{"start":{"line":15,"column":21},"end":{"line":15,"column":43}},"9":{"start":{"line":16,"column":8},"end":{"line":16,"column":47}},"10":{"start":{"line":18,"column":16},"end":{"line":29,"column":5}},"11":{"start":{"line":19,"column":8},"end":{"line":19,"column":83}},"12":{"start":{"line":19,"column":23},"end":{"line":19,"column":83}},"13":{"start":{"line":20,"column":8},"end":{"line":20,"column":84}},"14":{"start":{"line":20,"column":23},"end":{"line":20,"column":84}},"15":{"start":{"line":21,"column":8},"end":{"line":21,"column":87}},"16":{"start":{"line":21,"column":26},"end":{"line":21,"column":87}},"17":{"start":{"line":23,"column":23},"end":{"line":23,"column":55}},"18":{"start":{"line":24,"column":8},"end":{"line":24,"column":83}},"19":{"start":{"line":24,"column":18},"end":{"line":24,"column":83}},"20":{"start":{"line":26,"column":24},"end":{"line":26,"column":34}},"21":{"start":{"line":27,"column":8},"end":{"line":27,"column":58}},"22":{"start":{"line":28,"column":8},"end":{"line":28,"column":71}},"23":{"start":{"line":31,"column":4},"end":{"line":31,"column":37}}},"fnMap":{"0":{"name":"(anonymous_0)","decl":{"start":{"line":6,"column":17},"end":{"line":6,"column":18}},"loc":{"start":{"line":6,"column":25},"end":{"line":32,"column":1}},"line":6},"1":{"name":"(anonymous_1)","decl":{"start":{"line":7,"column":20},"end":{"line":7,"column":21}},"loc":{"start":{"line":7,"column":25},"end":{"line":9,"column":5}},"line":7},"2":{"name":"(anonymous_2)","decl":{"start":{"line":10,"column":20},"end":{"line":10,"column":21}},"loc":{"start":{"line":10,"column":36},"end":{"line":12,"column":5}},"line":10},"3":{"name":"(anonymous_3)","decl":{"start":{"line":14,"column":28},"end":{"line":14,"column":29}},"loc":{"start":{"line":14,"column":41},"end":{"line":17,"column":5}},"line":14},"4":{"name":"(anonymous_4)","decl":{"start":{"line":18,"column":16},"end":{"line":18,"column":17}},"loc":{"start":{"line":18,"column":31},"end":{"line":29,"column":5}},"line":18}},"branchMap":{"0":{"loc":{"start":{"line":10,"column":21},"end":{"line":10,"column":32}},"type":"default-arg","locations":[{"start":{"line":10,"column":30},"end":{"line":10,"column":32}}],"line":10},"1":{"loc":{"start":{"line":19,"column":8},"end":{"line":19,"column":83}},"type":"if","locations":[{"start":{"line":19,"column":8},"end":{"line":19,"column":83}},{"start":{"line":19,"column":8},"end":{"line":19,"column":83}}],"line":19},"2":{"loc":{"start":{"line":20,"column":8},"end":{"line":20,"column":84}},"type":"if","locations":[{"start":{"line":20,"column":8},"end":{"line":20,"column":84}},{"start":{"line":20,"column":8},"end":{"line":20,"column":84}}],"line":20},"3":{"loc":{"start":{"line":21,"column":8},"end":{"line":21,"column":87}},"type":"if","locations":[{"start":{"line":21,"column":8},"end":{"line":21,"column":87}},{"start":{"line":21,"column":8},"end":{"line":21,"column":87}}],"line":21},"4":{"loc":{"start":{"line":24,"column":8},"end":{"line":24,"column":83}},"type":"if","locations":[{"start":{"line":24,"column":8},"end":{"line":24,"column":83}},{"start":{"line":24,"column":8},"end":{"line":24,"column":83}}],"line":24}},"s":{"0":7,"1":7,"2":7,"3":7,"4":1,"5":7,"6":84,"7":7,"8":8,"9":8,"10":7,"11":12,"12":1,"13":11,"14":1,"15":10,"16":1,"17":9,"18":9,"19":1,"20":8,"21":8,"22":8,"23":7},"f":{"0":7,"1":1,"2":84,"3":8,"4":12},"b":{"0":[0],"1":[1,11],"2":[1,10],"3":[1,9],"4":[1,8]},"_coverageSchema":"1a1c01bbd47fc00a2c39e90264f33305004495a9","hash":"31626eb57c5ba667ef02b60ba0cccb812390c504"}
}
